# JRE version: OpenJDK Runtime Environment Temurin-21.0.5+11 (21.0.5+11) (build 21.0.5+11-LTS)
# Java VM: OpenJDK 64-Bit Server VM Temurin-21.0.5+11 (21.0.5+11-LTS, mixed mode, emulated-client, sharing, tiered, compressed oops, compressed class ptrs, g1 gc, windows-amd64)
GC Precious Log:
 CardTable entry size: 512
 Card Set container configuration: InlinePtr #cards 5 size 8 Array Of Cards #cards 12 size 40 Howl #buckets 4 coarsen threshold 1843 Howl Bitmap #cards 512 size 80 coarsen threshold 460 Card regions per heap region 1 cards per card region 2048
 CPUs: 12 total, 12 available
 Memory: 7896M
 Large Page Support: Disabled
 NUMA Support: Disabled
 Compressed Oops: Enabled (32-bit)
 Heap Region Size: 1M
 Heap Min Capacity: 8M
 Heap Initial Capacity: 124M
 Heap Max Capacity: 1976M
 Pre-touch: Disabled
 Parallel Workers: 10
 Concurrent Workers: 3
 Concurrent Refinement Workers: 10
 Periodic GC: Disabled
Heap:
 garbage-first heap   total 95232K, used 35948K [0x0000000084800000, 0x0000000100000000)
  region size 1024K, 8 young (8192K), 4 survivors (4096K)
 Metaspace       used 71933K, committed 72768K, reserved 1114112K
  class space    used 9931K, committed 10304K, reserved 1048576K
GC Heap History (20 events):
Event: 6.644 GC heap before
{Heap before GC invocations=15 (full 0):
 garbage-first heap   total 65536K, used 55834K [0x0000000084800000, 0x0000000100000000)
  region size 1024K, 37 young (37888K), 4 survivors (4096K)
 Metaspace       used 38203K, committed 38784K, reserved 1114112K
  class space    used 5207K, committed 5440K, reserved 1048576K
}
Event: 6.649 GC heap after
{Heap after GC invocations=16 (full 0):
 garbage-first heap   total 65536K, used 22734K [0x0000000084800000, 0x0000000100000000)
  region size 1024K, 2 young (2048K), 2 survivors (2048K)
 Metaspace       used 38203K, committed 38784K, reserved 1114112K
  class space    used 5207K, committed 5440K, reserved 1048576K
}
Event: 7.009 GC heap before
{Heap before GC invocations=16 (full 0):
 garbage-first heap   total 65536K, used 58574K [0x0000000084800000, 0x0000000100000000)
  region size 1024K, 37 young (37888K), 2 survivors (2048K)
 Metaspace       used 41728K, committed 42368K, reserved 1114112K
  class space    used 5631K, committed 5952K, reserved 1048576K
}
Event: 7.014 GC heap after
{Heap after GC invocations=17 (full 0):
 garbage-first heap   total 65536K, used 23685K [0x0000000084800000, 0x0000000100000000)
  region size 1024K, 3 young (3072K), 3 survivors (3072K)
 Metaspace       used 41728K, committed 42368K, reserved 1114112K
  class space    used 5631K, committed 5952K, reserved 1048576K
}
Event: 7.708 GC heap before
{Heap before GC invocations=17 (full 0):
 garbage-first heap   total 65536K, used 57477K [0x0000000084800000, 0x0000000100000000)
  region size 1024K, 36 young (36864K), 3 survivors (3072K)
 Metaspace       used 47614K, committed 48256K, reserved 1114112K
  class space    used 6395K, committed 6656K, reserved 1048576K
}
Event: 7.712 GC heap after
{Heap after GC invocations=18 (full 0):
 garbage-first heap   total 78848K, used 25304K [0x0000000084800000, 0x0000000100000000)
  region size 1024K, 5 young (5120K), 5 survivors (5120K)
 Metaspace       used 47614K, committed 48256K, reserved 1114112K
  class space    used 6395K, committed 6656K, reserved 1048576K
}
Event: 7.814 GC heap before
{Heap before GC invocations=18 (full 0):
 garbage-first heap   total 78848K, used 34520K [0x0000000084800000, 0x0000000100000000)
  region size 1024K, 15 young (15360K), 5 survivors (5120K)
 Metaspace       used 48464K, committed 49088K, reserved 1114112K
  class space    used 6503K, committed 6784K, reserved 1048576K
}
Event: 7.820 GC heap after
{Heap after GC invocations=19 (full 0):
 garbage-first heap   total 78848K, used 25540K [0x0000000084800000, 0x0000000100000000)
  region size 1024K, 3 young (3072K), 3 survivors (3072K)
 Metaspace       used 48464K, committed 49088K, reserved 1114112K
  class space    used 6503K, committed 6784K, reserved 1048576K
}
Event: 8.258 GC heap before
{Heap before GC invocations=20 (full 0):
 garbage-first heap   total 78848K, used 68548K [0x0000000084800000, 0x0000000100000000)
  region size 1024K, 46 young (47104K), 3 survivors (3072K)
 Metaspace       used 52620K, committed 53312K, reserved 1114112K
  class space    used 6981K, committed 7296K, reserved 1048576K
}
Event: 8.264 GC heap after
{Heap after GC invocations=21 (full 0):
 garbage-first heap   total 78848K, used 27068K [0x0000000084800000, 0x0000000100000000)
  region size 1024K, 5 young (5120K), 5 survivors (5120K)
 Metaspace       used 52620K, committed 53312K, reserved 1114112K
  class space    used 6981K, committed 7296K, reserved 1048576K
}
Event: 8.769 GC heap before
{Heap before GC invocations=21 (full 0):
 garbage-first heap   total 78848K, used 68028K [0x0000000084800000, 0x0000000100000000)
  region size 1024K, 45 young (46080K), 5 survivors (5120K)
 Metaspace       used 57060K, committed 57728K, reserved 1114112K
  class space    used 7800K, committed 8128K, reserved 1048576K
}
Event: 8.776 GC heap after
{Heap after GC invocations=22 (full 0):
 garbage-first heap   total 78848K, used 27047K [0x0000000084800000, 0x0000000100000000)
  region size 1024K, 4 young (4096K), 4 survivors (4096K)
 Metaspace       used 57060K, committed 57728K, reserved 1114112K
  class space    used 7800K, committed 8128K, reserved 1048576K
}
Event: 9.352 GC heap before
{Heap before GC invocations=22 (full 0):
 garbage-first heap   total 78848K, used 68007K [0x0000000084800000, 0x0000000100000000)
  region size 1024K, 45 young (46080K), 4 survivors (4096K)
 Metaspace       used 61025K, committed 61760K, reserved 1114112K
  class space    used 8360K, committed 8704K, reserved 1048576K
}
Event: 9.360 GC heap after
{Heap after GC invocations=23 (full 0):
 garbage-first heap   total 78848K, used 28419K [0x0000000084800000, 0x0000000100000000)
  region size 1024K, 4 young (4096K), 4 survivors (4096K)
 Metaspace       used 61025K, committed 61760K, reserved 1114112K
  class space    used 8360K, committed 8704K, reserved 1048576K
}
Event: 9.988 GC heap before
{Heap before GC invocations=23 (full 0):
 garbage-first heap   total 78848K, used 68355K [0x0000000084800000, 0x0000000100000000)
  region size 1024K, 43 young (44032K), 4 survivors (4096K)
 Metaspace       used 64781K, committed 65472K, reserved 1114112K
  class space    used 8861K, committed 9152K, reserved 1048576K
}
Event: 9.995 GC heap after
{Heap after GC invocations=24 (full 0):
 garbage-first heap   total 95232K, used 30043K [0x0000000084800000, 0x0000000100000000)
  region size 1024K, 5 young (5120K), 5 survivors (5120K)
 Metaspace       used 64781K, committed 65472K, reserved 1114112K
  class space    used 8861K, committed 9152K, reserved 1048576K
}
Event: 29.575 GC heap before
{Heap before GC invocations=25 (full 0):
 garbage-first heap   total 95232K, used 80219K [0x0000000084800000, 0x0000000100000000)
  region size 1024K, 55 young (56320K), 5 survivors (5120K)
 Metaspace       used 68680K, committed 69440K, reserved 1114112K
  class space    used 9437K, committed 9792K, reserved 1048576K
}
Event: 29.591 GC heap after
{Heap after GC invocations=26 (full 0):
 garbage-first heap   total 95232K, used 32965K [0x0000000084800000, 0x0000000100000000)
  region size 1024K, 7 young (7168K), 7 survivors (7168K)
 Metaspace       used 68680K, committed 69440K, reserved 1114112K
  class space    used 9437K, committed 9792K, reserved 1048576K
}
Event: 649.049 GC heap before
{Heap before GC invocations=26 (full 0):
 garbage-first heap   total 95232K, used 80069K [0x0000000084800000, 0x0000000100000000)
  region size 1024K, 54 young (55296K), 7 survivors (7168K)
 Metaspace       used 71927K, committed 72768K, reserved 1114112K
  class space    used 9930K, committed 10304K, reserved 1048576K
}
Event: 649.134 GC heap after
{Heap after GC invocations=27 (full 0):
 garbage-first heap   total 95232K, used 32876K [0x0000000084800000, 0x0000000100000000)
  region size 1024K, 4 young (4096K), 4 survivors (4096K)
 Metaspace       used 71927K, committed 72768K, reserved 1114112K
  class space    used 9930K, committed 10304K, reserved 1048576K
}

